Warning: no access to tty (Bad file descriptor).
Thus no job control in this shell.
SHELL=/bin/csh
Hostname=psl188
Scratch dir=/work/wtt116/gams/thirtynovmodel2.2664207.wk
Parameters=
Gams command= gams28.2.0  thirtynovmodel2 procDirPath=/work/wtt116/gams/thirtynovmodel2.2664207.wk O=thirtynovmodel2.2664207.lst lo=3 SolveLink=5 
Allocated cpu cores= 1
Requested Gams threads= NotSet
Allocated Gams threads= 1
--- Job thirtynovmodel2 Start 11/30/19 13:11:37 28.2.0 r750fa45 LEX-LEG x86 64bit/Linux
--- GAMS Parameters defined
    Input /home/ps/ce-fs2/wtt116/thirtynovmodel2.gms
    Output /home/ps/ce-fs2/wtt116/thirtynovmodel2.2664207.lst
    ScrDir /work/wtt116/gams/thirtynovmodel2.2664207.wk/225a/
    SysDir /rvol/GAMS/gams28.2.0_linux_x64_64_sfx/
    LogOption 3
    SolveLink 5
    Threads 1
    ProcDirPath /work/wtt116/gams/thirtynovmodel2.2664207.wk
GAMS 28.2.0   Copyright (C) 1987-2019 GAMS Development. All rights reserved
Licensee: Medium MUD - 10 User License                   S190611/0001AP-LNX
          Imperial College London, Centre for Process Systems EngineerDC621
          License for teaching and research at degree granting institutions
          License Admin: Graham Stuart, g.stuart@imperial.ac.uk            
--- Starting compilation
--- thirtynovmodel2.gms(292) 3 Mb
--- Starting execution: elapsed 0:00:00.011
--- thirtynovmodel2.gms(274) 4 Mb
--- Generating MINLP model CAMD
--- thirtynovmodel2.gms(275) 6 Mb
--- LOOPS cc = 1
---   82 rows  130 columns  1,182 non-zeroes
---   597 nl-code  164 nl-non-zeroes
---   112 discrete-columns
--- thirtynovmodel2.gms(275) 4 Mb
--- Executing ANTIGONE (Solvelink=5): elapsed 0:00:00.015

ANTIGONE         28.2.0 r750fa45 Released Aug 19, 2019 LEG x86 64bit/Linux    
 
-------------------------------------------------------------------------------
ANTIGONE: Algorithms for coNTinuous/Integer Global Optimization; Version 1.1

          Ruth Misener and Christodoulos A. Floudas

          Computer-Aided Systems Laboratory (CASL)
          Department of Chemical & Biological Engineering; Princeton University
-------------------------------------------------------------------------------

Before Pre-processing:
          129 Variables
                  17 Continuous
                  84 Binary
                  28 Integer
           97 Equations

After Pre-processing:
          137 Variables
                  25 Continuous
                  84 Binary
                  28 Integer
           77 Equations
                  51 Linear
                  26 Nonconvex nonlinear
           44 Nonlinear Terms
                  10 Bilinear/Quadratic
                  28 Signomial
                   2 Exponential
                   4 Logarithmic
          129 Possible Reformulation Linearization Technique (RLT) equations
              1 RLT Equations Added Outright to Formulation

Constituent Libraries:
            CPLEX  Solving relaxations
            CONOPT Finding feasible points
            LAPACK Addressing linear systems
            Boost  Bounding Intervals
 
-------------------------------------------------------------------------------
Time (s) Nodes explored Nodes remaining Best possible   Best found Relative Gap
-------------------------------------------------------------------------------
 
WARNING! Could not deterministically infer all bounds; ANTIGONE guessed some
         bounds. Supply finite variable bounds to guarantee global optimality

       0              1               1    +2.206e-01   +5.428e+00   +9.594e-01
       5              1               2    +1.254e+00   +5.428e+00   +7.691e-01
      10              8               9    +1.277e+00   +5.428e+00   +7.647e-01
      15             65              34    +1.490e+00   +5.428e+00   +7.256e-01
      20            133              37    +1.603e+00   +5.428e+00   +7.048e-01
      25            167              45    +1.787e+00   +5.428e+00   +6.709e-01
      30            209              49    +1.969e+00   +5.428e+00   +6.374e-01
      35            242              48    +2.043e+00   +5.428e+00   +6.237e-01
      40            276              42    +2.080e+00   +5.428e+00   +6.168e-01
      45            295              37    +2.149e+00   +5.428e+00   +6.041e-01
      50            322              35    +2.384e+00   +5.428e+00   +5.609e-01
      55            353              28    +2.561e+00   +3.401e+00   +2.471e-01
      60            392              15    +2.759e+00   +3.401e+00   +1.887e-01
      65            424              10    +2.928e+00   +3.401e+00   +1.391e-01
      68            436               0    +2.206e-01   +3.401e+00   +9.352e-01
 
-------------------------------------------------------------------------------
Termination Status : Found feasible point; guessed variable bounds
Best Feasible Point: +3.401391e+00
Best Possible Point: +2.205687e-01 (+3.061e+00 if ANTIGONE bounds reasonable)
       Relative Gap: +9.351534e-01
Algorithm analysis :

                436 Nodes explored
                  0 Nodes remaining

                 19 Maximum tree depth

               7114 Cutting Planes (3540 Globally Valid)
                        95 Univariate Quadratic / Convex Multivariable Term
                      5353 Signomial
                       836 Logarithmic
                       830 Exponential
 
              68.00 Total time (wall s)
                      0.00 Pre-processing
                     45.65 Solving MILP relaxations
                      0.82 Searching for feasible solutions
                     20.31 Variable bounds tightening
                            12.05 OBBT
                            12.43 FBBT (2.25 EC; 7.10 RLT; 0.13 Factoring)
                      7.27 Branching
                             3.54 Reliability branching
-------------------------------------------------------------------------------
CONOPT 3         28.2.0 r750fa45 Released Aug 19, 2019 LEG x86 64bit/Linux    
 
 
    C O N O P T 3   version 3.17K
    Copyright (C)   ARKI Consulting and Development A/S
                    Bagsvaerdvej 246 A
                    DK-2880 Bagsvaerd, Denmark
 
 
   Iter Phase Ninf   Infeasibility   RGmax    NSB   Step InItr MX OK
      0   0        2.0483614804E-14 (Input point)
 
                   Pre-triangular equations:   82
                   Post-triangular equations:  0
 
      1   0        0.0000000000E+00 (After pre-processing)
      2   0        0.0000000000E+00 (After scaling)
 
 ** Feasible solution. Value of objective =    3.40139130824
 
   Iter Phase Ninf     Objective     RGmax    NSB   Step InItr MX OK
      4   3        3.4013913082E+00 0.0E+00     0
 
 ** Optimal solution. There are no superbasic variables.
 
--- Reading solution for model CAMD
--- thirtynovmodel2.gms(274) 4 Mb
--- Generating MINLP model CAMD
--- thirtynovmodel2.gms(275) 6 Mb
--- LOOPS cc = 2
---   83 rows  158 columns  1,294 non-zeroes
---   597 nl-code  164 nl-non-zeroes
---   140 discrete-columns
--- thirtynovmodel2.gms(275) 4 Mb
--- Executing ANTIGONE (Solvelink=5): elapsed 0:01:07.253

ANTIGONE         28.2.0 r750fa45 Released Aug 19, 2019 LEG x86 64bit/Linux    
 
-------------------------------------------------------------------------------
ANTIGONE: Algorithms for coNTinuous/Integer Global Optimization; Version 1.1

          Ruth Misener and Christodoulos A. Floudas

          Computer-Aided Systems Laboratory (CASL)
          Department of Chemical & Biological Engineering; Princeton University
-------------------------------------------------------------------------------

Before Pre-processing:
          157 Variables
                  17 Continuous
                 112 Binary
                  28 Integer
           98 Equations

After Pre-processing:
          165 Variables
                  25 Continuous
                 112 Binary
                  28 Integer
           78 Equations
                  52 Linear
                  26 Nonconvex nonlinear
           44 Nonlinear Terms
                  10 Bilinear/Quadratic
                  28 Signomial
                   2 Exponential
                   4 Logarithmic
          129 Possible Reformulation Linearization Technique (RLT) equations
              1 RLT Equations Added Outright to Formulation

Constituent Libraries:
            CPLEX  Solving relaxations
            CONOPT Finding feasible points
            LAPACK Addressing linear systems
            Boost  Bounding Intervals
 
-------------------------------------------------------------------------------
Time (s) Nodes explored Nodes remaining Best possible   Best found Relative Gap
-------------------------------------------------------------------------------
 
WARNING! Could not deterministically infer all bounds; ANTIGONE guessed some
         bounds. Supply finite variable bounds to guarantee global optimality

       0              1               1    +2.206e-01           --           --
       5              1               2    +1.351e+00           --           --
       6              3               0    +2.206e-01   +5.664e+00   +9.611e-01
 
-------------------------------------------------------------------------------
Termination Status : Found feasible point; guessed variable bounds
Best Feasible Point: +5.664208e+00
Best Possible Point: +2.205687e-01 (+5.098e+00 if ANTIGONE bounds reasonable)
       Relative Gap: +9.610592e-01
Algorithm analysis :

                  3 Nodes explored
                  0 Nodes remaining

                  1 Maximum tree depth

               1188 Cutting Planes (666 Globally Valid)
                        30 Univariate Quadratic / Convex Multivariable Term
                       843 Signomial
                       158 Logarithmic
                       157 Exponential
 
               6.00 Total time (wall s)
                      0.00 Pre-processing
                      2.75 Solving MILP relaxations
                      0.40 Searching for feasible solutions
                      3.65 Variable bounds tightening
                             3.06 OBBT
                             1.89 FBBT (0.39 EC; 1.10 RLT; 0.03 Factoring)
                      0.42 Branching
                             0.40 Reliability branching
-------------------------------------------------------------------------------
CONOPT 3         28.2.0 r750fa45 Released Aug 19, 2019 LEG x86 64bit/Linux    
 
 
    C O N O P T 3   version 3.17K
    Copyright (C)   ARKI Consulting and Development A/S
                    Bagsvaerdvej 246 A
                    DK-2880 Bagsvaerd, Denmark
 
 
   Iter Phase Ninf   Infeasibility   RGmax    NSB   Step InItr MX OK
      0   0        5.8064664188E-14 (Input point)
 
                   Pre-triangular equations:   83
                   Post-triangular equations:  0
 
      1   0        0.0000000000E+00 (After pre-processing)
      2   0        0.0000000000E+00 (After scaling)
 
 ** Feasible solution. Value of objective =    5.66420827364
 
   Iter Phase Ninf     Objective     RGmax    NSB   Step InItr MX OK
      4   3        5.6642082736E+00 0.0E+00     0
 
 ** Optimal solution. There are no superbasic variables.
 
--- Reading solution for model CAMD
--- thirtynovmodel2.gms(274) 4 Mb--- thirtynovmodel2.gms(284) 4 Mb
*** Status: Normal completion
--- Job thirtynovmodel2.gms Stop 11/30/19 13:12:51 elapsed 0:01:14.115

Execution Time : psl188 : User 70.51  System 3.46  Elapsed 1:14.12

done
