Warning: no access to tty (Bad file descriptor).
Thus no job control in this shell.
SHELL=/bin/csh
Hostname=psl204
Scratch dir=/work/gh1514/gams/USETHIS.2665633.wk
Parameters=
Gams command= gams  USETHIS.gms procDirPath=/work/gh1514/gams/USETHIS.2665633.wk O=USETHIS.2665633.lst lo=3 SolveLink=5 
Allocated cpu cores= 1
Requested Gams threads= NotSet
Allocated Gams threads= 1
--- Job USETHIS.gms Start 12/05/19 19:09:49 28.2.0 r750fa45 LEX-LEG x86 64bit/Linux
--- GAMS Parameters defined
    Input /home/ps/ce-fs2/gh1514/USETHIS.gms
    Output /home/ps/ce-fs2/gh1514/USETHIS.2665633.lst
    ScrDir /work/gh1514/gams/USETHIS.2665633.wk/225a/
    SysDir /rvol/GAMS/gams28.2.0_linux_x64_64_sfx/
    LogOption 3
    SolveLink 5
    Threads 1
    ProcDirPath /work/gh1514/gams/USETHIS.2665633.wk
GAMS 28.2.0   Copyright (C) 1987-2019 GAMS Development. All rights reserved
Licensee: Medium MUD - 10 User License                   S190611/0001AP-LNX
          Imperial College London, Centre for Process Systems EngineerDC621
          License for teaching and research at degree granting institutions
          License Admin: Graham Stuart, g.stuart@imperial.ac.uk            
--- Starting compilation
--- USETHIS.gms(296) 3 Mb
--- Starting execution: elapsed 0:00:00.006
--- USETHIS.gms(276) 4 Mb
--- Generating MINLP model CAMD
--- USETHIS.gms(279) 6 Mb
--- Reset Solvelink = 2
--- LOOPS cc = 1
---   82 rows  130 columns  1,182 non-zeroes
---   597 nl-code  164 nl-non-zeroes
---   112 discrete-columns
--- USETHIS.gms(279) 4 Mb
--- Executing BARON (Solvelink=2): elapsed 0:00:00.011

GAMS/BARON       28.2.0 r750fa45 Released Aug 19, 2019 LEG x86 64bit/Linux    

===========================================================================
 BARON version 19.7.13. Built: LNX-64 Sat Jul 13 11:51:07 EDT 2019

 BARON is a product of The Optimization Firm.
 For information on BARON, see https://minlp.com/about-baron

 If you use this software, please cite publications from
 https://minlp.com/baron-publications, such as: 

 Kilinc, M. and N. V. Sahinidis, Exploiting integrality in the global
 optimization of mixed-integer nonlinear programming problems in BARON,
 Optimization Methods and Software, 33, 540-562, 2018.
===========================================================================
 This BARON run may utilize the following subsolver(s)
 For LP/MIP/QP: ILOG CPLEX                                      
 For NLP: MINOS, SNOPT, GAMS external NLP, IPOPT, FILTERSD, FILTERSQP
===========================================================================
 Doing local search
 Solving bounding LP
 Starting multi-start local search
 Done with local search
===========================================================================
  Iteration    Open nodes         Time (s)    Lower bound      Upper bound
          1             1             0.14     0.293897E-01    0.100000E+52
*       840            23            19.56     0.663115         4.67419    
*      2326            11            26.69     2.18540          3.40139    
       2453             0            27.21     3.40105          3.40139    

 Cleaning up

                         *** Normal completion ***            

 Wall clock time:                    27.44
 Total CPU time used:                27.21

 Total no. of BaR iterations:    2453
 Best solution found at node:    2326
 Max. no. of nodes in memory:      31
 
 All done
===========================================================================

Solution      = 3.40139130824118  found at node 2326
Best possible = 3.40105120312
Absolute gap  = 0.000340105121180212  optca = 0.0001
Relative gap  = 9.99900012551265E-5  optcr = 0.0001
  (Note that BARON uses a different formula to compute the relative gap as
   was used for the above reported value.)

--- Reading solution for model CAMD
***
*** Solver did not provide marginals for model CAMD
***
--- USETHIS.gms(276) 4 Mb
--- Generating MINLP model CAMD
--- USETHIS.gms(279) 6 Mb
--- Reset Solvelink = 2
--- LOOPS cc = 2
---   83 rows  158 columns  1,294 non-zeroes
---   597 nl-code  164 nl-non-zeroes
---   112 discrete-columns
--- USETHIS.gms(279) 4 Mb
--- Executing BARON (Solvelink=2): elapsed 0:00:27.557

GAMS/BARON       28.2.0 r750fa45 Released Aug 19, 2019 LEG x86 64bit/Linux    

===========================================================================
 BARON version 19.7.13. Built: LNX-64 Sat Jul 13 11:51:07 EDT 2019

 BARON is a product of The Optimization Firm.
 For information on BARON, see https://minlp.com/about-baron

 If you use this software, please cite publications from
 https://minlp.com/baron-publications, such as: 

 Kilinc, M. and N. V. Sahinidis, Exploiting integrality in the global
 optimization of mixed-integer nonlinear programming problems in BARON,
 Optimization Methods and Software, 33, 540-562, 2018.
===========================================================================
 This BARON run may utilize the following subsolver(s)
 For LP/MIP/QP: ILOG CPLEX                                      
 For NLP: MINOS, SNOPT, GAMS external NLP, IPOPT, FILTERSD, FILTERSQP
===========================================================================
 Doing local search
 Solving bounding LP
 Starting multi-start local search
 Done with local search
===========================================================================
  Iteration    Open nodes         Time (s)    Lower bound      Upper bound
          1             1             0.14     0.293897E-01    0.100000E+52
*       817            23            15.16     0.668919         5.86731    
*       855            24            15.33     0.668919         5.54171    
*       859            24            15.37     0.668919         5.42847    
*      1464            26            19.87     0.921202         4.67419    
       3269             0            31.26     4.67372          4.67419    

 Cleaning up

                         *** Normal completion ***            

 Wall clock time:                    31.68
 Total CPU time used:                31.26

 Total no. of BaR iterations:    3269
 Best solution found at node:    1464
 Max. no. of nodes in memory:      35
 
 All done
===========================================================================

Solution      = 4.67418747623654  found at node 1464
Best possible = 4.67372010423
Absolute gap  = 0.000467372006544231  optca = 0.0001
Relative gap  = 9.99900001701556E-5  optcr = 0.0001
  (Note that BARON uses a different formula to compute the relative gap as
   was used for the above reported value.)

--- Reading solution for model CAMD
***
*** Solver did not provide marginals for model CAMD
***
--- USETHIS.gms(276) 4 Mb
--- Generating MINLP model CAMD
--- USETHIS.gms(235) 6 Mb--- USETHIS.gms(279) 6 Mb
--- Reset Solvelink = 2
--- LOOPS cc = 3
---   84 rows  158 columns  1,406 non-zeroes
---   597 nl-code  164 nl-non-zeroes
---   112 discrete-columns
--- USETHIS.gms(279) 4 Mb
--- Executing BARON (Solvelink=2): elapsed 0:00:59.280

GAMS/BARON       28.2.0 r750fa45 Released Aug 19, 2019 LEG x86 64bit/Linux    

===========================================================================
 BARON version 19.7.13. Built: LNX-64 Sat Jul 13 11:51:07 EDT 2019

 BARON is a product of The Optimization Firm.
 For information on BARON, see https://minlp.com/about-baron

 If you use this software, please cite publications from
 https://minlp.com/baron-publications, such as: 

 Kilinc, M. and N. V. Sahinidis, Exploiting integrality in the global
 optimization of mixed-integer nonlinear programming problems in BARON,
 Optimization Methods and Software, 33, 540-562, 2018.
===========================================================================
 This BARON run may utilize the following subsolver(s)
 For LP/MIP/QP: ILOG CPLEX                                      
 For NLP: MINOS, SNOPT, GAMS external NLP, IPOPT, FILTERSD, FILTERSQP
===========================================================================
 Doing local search
 Solving bounding LP
 Starting multi-start local search
 Done with local search
===========================================================================
  Iteration    Open nodes         Time (s)    Lower bound      Upper bound
          1             1             0.15     0.293897E-01    0.100000E+52
*       614            13            17.27     0.598042         5.86731    
*       744            12            23.51     0.598042         5.53460    
*       747            12            23.54     0.598042         5.41594    
       1861             0            29.75     5.41540          5.41594    

 Cleaning up

                         *** Normal completion ***            

 Wall clock time:                    29.82
 Total CPU time used:                29.75

 Total no. of BaR iterations:    1861
 Best solution found at node:     747
 Max. no. of nodes in memory:      16
 
 All done
===========================================================================

Solution      = 5.41593700402584  found at node 747
Best possible = 5.41539546448
Absolute gap  = 0.000541539545834802  optca = 0.0001
Relative gap  = 9.99900008866902E-5  optcr = 0.0001
  (Note that BARON uses a different formula to compute the relative gap as
   was used for the above reported value.)

--- Reading solution for model CAMD
***
*** Solver did not provide marginals for model CAMD
***
--- USETHIS.gms(276) 4 Mb
--- Generating MINLP model CAMD
--- USETHIS.gms(279) 6 Mb
--- Reset Solvelink = 2
--- LOOPS cc = 4
---   85 rows  158 columns  1,518 non-zeroes
---   597 nl-code  164 nl-non-zeroes
---   112 discrete-columns
--- USETHIS.gms(279) 4 Mb
--- Executing BARON (Solvelink=2): elapsed 0:01:29.138

GAMS/BARON       28.2.0 r750fa45 Released Aug 19, 2019 LEG x86 64bit/Linux    

===========================================================================
 BARON version 19.7.13. Built: LNX-64 Sat Jul 13 11:51:07 EDT 2019

 BARON is a product of The Optimization Firm.
 For information on BARON, see https://minlp.com/about-baron

 If you use this software, please cite publications from
 https://minlp.com/baron-publications, such as: 

 Kilinc, M. and N. V. Sahinidis, Exploiting integrality in the global
 optimization of mixed-integer nonlinear programming problems in BARON,
 Optimization Methods and Software, 33, 540-562, 2018.
===========================================================================
 This BARON run may utilize the following subsolver(s)
 For LP/MIP/QP: ILOG CPLEX                                      
 For NLP: MINOS, SNOPT, GAMS external NLP, IPOPT, FILTERSD, FILTERSQP
===========================================================================
 Doing local search
 Solving bounding LP
 Starting multi-start local search
 Done with local search
===========================================================================
  Iteration    Open nodes         Time (s)    Lower bound      Upper bound
          1             1             0.15     0.293897E-01    0.100000E+52
       3497            17            29.48     1.95682         0.100000E+52
*      3584            11            29.91     1.95682          5.44170    
*      3731            13            30.51     1.95682          5.42847    
       4359             0            33.88     5.42792          5.42847    

 Cleaning up

                         *** Normal completion ***            

 Wall clock time:                    34.67
 Total CPU time used:                33.88

 Total no. of BaR iterations:    4359
 Best solution found at node:    3731
 Max. no. of nodes in memory:      32
 
 All done
===========================================================================

Solution      = 5.4284657901269  found at node 3731
Best possible = 5.42792299783
Absolute gap  = 0.000542792296902128  optca = 0.0001
Relative gap  = 9.99900004692558E-5  optcr = 0.0001
  (Note that BARON uses a different formula to compute the relative gap as
   was used for the above reported value.)

--- Reading solution for model CAMD
***
*** Solver did not provide marginals for model CAMD
***
--- USETHIS.gms(276) 4 Mb
--- Generating MINLP model CAMD
--- USETHIS.gms(279) 6 Mb
--- Reset Solvelink = 2
--- LOOPS cc = 5
---   86 rows  158 columns  1,630 non-zeroes
---   597 nl-code  164 nl-non-zeroes
---   112 discrete-columns
--- USETHIS.gms(279) 4 Mb
--- Executing BARON (Solvelink=2): elapsed 0:02:03.862

GAMS/BARON       28.2.0 r750fa45 Released Aug 19, 2019 LEG x86 64bit/Linux    

===========================================================================
 BARON version 19.7.13. Built: LNX-64 Sat Jul 13 11:51:07 EDT 2019

 BARON is a product of The Optimization Firm.
 For information on BARON, see https://minlp.com/about-baron

 If you use this software, please cite publications from
 https://minlp.com/baron-publications, such as: 

 Kilinc, M. and N. V. Sahinidis, Exploiting integrality in the global
 optimization of mixed-integer nonlinear programming problems in BARON,
 Optimization Methods and Software, 33, 540-562, 2018.
===========================================================================
 This BARON run may utilize the following subsolver(s)
 For LP/MIP/QP: ILOG CPLEX                                      
 For NLP: MINOS, SNOPT, GAMS external NLP, IPOPT, FILTERSD, FILTERSQP
===========================================================================
 Doing local search
 Solving bounding LP
 Starting multi-start local search
 Done with local search
===========================================================================
  Iteration    Open nodes         Time (s)    Lower bound      Upper bound
          1             1             0.15     0.293897E-01    0.100000E+52
*      2363            25            19.44     1.43461          5.44170    
       4007             0            28.74     5.44116          5.44170    

 Cleaning up

                         *** Normal completion ***            

 Wall clock time:                    29.28
 Total CPU time used:                28.74

 Total no. of BaR iterations:    4007
 Best solution found at node:    2363
 Max. no. of nodes in memory:      35
 
 All done
===========================================================================

Solution      = 5.44170278411976  found at node 2363
Best possible = 5.44115866825
Absolute gap  = 0.000544115869755224  optca = 0.0001
Relative gap  = 9.99900015383217E-5  optcr = 0.0001
  (Note that BARON uses a different formula to compute the relative gap as
   was used for the above reported value.)

--- Reading solution for model CAMD
***
*** Solver did not provide marginals for model CAMD
***
--- USETHIS.gms(276) 4 Mb
--- Generating MINLP model CAMD
--- USETHIS.gms(279) 6 Mb
--- Reset Solvelink = 2
--- LOOPS cc = 6
---   87 rows  158 columns  1,742 non-zeroes
---   597 nl-code  164 nl-non-zeroes
---   112 discrete-columns
--- USETHIS.gms(279) 4 Mb
--- Executing BARON (Solvelink=2): elapsed 0:02:33.189

GAMS/BARON       28.2.0 r750fa45 Released Aug 19, 2019 LEG x86 64bit/Linux    

===========================================================================
 BARON version 19.7.13. Built: LNX-64 Sat Jul 13 11:51:07 EDT 2019

 BARON is a product of The Optimization Firm.
 For information on BARON, see https://minlp.com/about-baron

 If you use this software, please cite publications from
 https://minlp.com/baron-publications, such as: 

 Kilinc, M. and N. V. Sahinidis, Exploiting integrality in the global
 optimization of mixed-integer nonlinear programming problems in BARON,
 Optimization Methods and Software, 33, 540-562, 2018.
===========================================================================
 This BARON run may utilize the following subsolver(s)
 For LP/MIP/QP: ILOG CPLEX                                      
 For NLP: MINOS, SNOPT, GAMS external NLP, IPOPT, FILTERSD, FILTERSQP
===========================================================================
 Doing local search
 Solving bounding LP
 Starting multi-start local search
 Done with local search
===========================================================================
  Iteration    Open nodes         Time (s)    Lower bound      Upper bound
          1             1             0.15     0.293897E-01    0.100000E+52
*       819            19            10.44     0.668919         5.86731    
*       834            18            10.53     0.668919         5.63889    
*       874            17            10.70     0.668919         5.54171    
*      1001            18            11.26     0.671913         5.53460    
       2369             0            21.68     5.53404          5.53460    

 Cleaning up

                         *** Normal completion ***            

 Wall clock time:                    22.03
 Total CPU time used:                21.68

 Total no. of BaR iterations:    2369
 Best solution found at node:    1001
 Max. no. of nodes in memory:      29
 
 All done
===========================================================================

Solution      = 5.53459679226614  found at node 1001
Best possible = 5.53404338793
Absolute gap  = 0.000553404336139707  optca = 0.0001
Relative gap  = 9.99900005205466E-5  optcr = 0.0001
  (Note that BARON uses a different formula to compute the relative gap as
   was used for the above reported value.)

--- Reading solution for model CAMD
***
*** Solver did not provide marginals for model CAMD
***
--- USETHIS.gms(276) 4 Mb
--- Generating MINLP model CAMD
--- USETHIS.gms(279) 6 Mb
--- Reset Solvelink = 2
--- LOOPS cc = 7
---   88 rows  158 columns  1,854 non-zeroes
---   597 nl-code  164 nl-non-zeroes
---   112 discrete-columns
--- USETHIS.gms(279) 4 Mb
--- Executing BARON (Solvelink=2): elapsed 0:02:55.270

GAMS/BARON       28.2.0 r750fa45 Released Aug 19, 2019 LEG x86 64bit/Linux    

===========================================================================
 BARON version 19.7.13. Built: LNX-64 Sat Jul 13 11:51:07 EDT 2019

 BARON is a product of The Optimization Firm.
 For information on BARON, see https://minlp.com/about-baron

 If you use this software, please cite publications from
 https://minlp.com/baron-publications, such as: 

 Kilinc, M. and N. V. Sahinidis, Exploiting integrality in the global
 optimization of mixed-integer nonlinear programming problems in BARON,
 Optimization Methods and Software, 33, 540-562, 2018.
===========================================================================
 This BARON run may utilize the following subsolver(s)
 For LP/MIP/QP: ILOG CPLEX                                      
 For NLP: MINOS, SNOPT, GAMS external NLP, IPOPT, FILTERSD, FILTERSQP
===========================================================================
 Doing local search
 Solving bounding LP
 Starting multi-start local search
 Done with local search
===========================================================================
  Iteration    Open nodes         Time (s)    Lower bound      Upper bound
          1             1             0.15     0.293897E-01    0.100000E+52
*      1422            23            18.85     0.985164         5.86731    
*      1619            28            24.62     1.00763          5.66421    
*      1802            22            25.34     1.11273          5.63889    
*      1807            22            25.35     1.11273          5.54171    
       3017             0            31.11     5.54116          5.54171    

 Cleaning up

                         *** Normal completion ***            

 Wall clock time:                    31.35
 Total CPU time used:                31.11

 Total no. of BaR iterations:    3017
 Best solution found at node:    1807
 Max. no. of nodes in memory:      32
 
 All done
===========================================================================

Solution      = 5.54170951502306  found at node 1807
Best possible = 5.54115539948
Absolute gap  = 0.000554115543056177  optca = 0.0001
Relative gap  = 9.99900015607137E-5  optcr = 0.0001
  (Note that BARON uses a different formula to compute the relative gap as
   was used for the above reported value.)

--- Reading solution for model CAMD
***
*** Solver did not provide marginals for model CAMD
***
--- USETHIS.gms(276) 4 Mb
--- Generating MINLP model CAMD
--- USETHIS.gms(279) 6 Mb
--- Reset Solvelink = 2
--- LOOPS cc = 8
---   89 rows  158 columns  1,966 non-zeroes
---   597 nl-code  164 nl-non-zeroes
---   112 discrete-columns
--- USETHIS.gms(279) 4 Mb
--- Executing BARON (Solvelink=2): elapsed 0:03:26.665

GAMS/BARON       28.2.0 r750fa45 Released Aug 19, 2019 LEG x86 64bit/Linux    

===========================================================================
 BARON version 19.7.13. Built: LNX-64 Sat Jul 13 11:51:07 EDT 2019

 BARON is a product of The Optimization Firm.
 For information on BARON, see https://minlp.com/about-baron

 If you use this software, please cite publications from
 https://minlp.com/baron-publications, such as: 

 Kilinc, M. and N. V. Sahinidis, Exploiting integrality in the global
 optimization of mixed-integer nonlinear programming problems in BARON,
 Optimization Methods and Software, 33, 540-562, 2018.
===========================================================================
 This BARON run may utilize the following subsolver(s)
 For LP/MIP/QP: ILOG CPLEX                                      
 For NLP: MINOS, SNOPT, GAMS external NLP, IPOPT, FILTERSD, FILTERSQP
===========================================================================
 Doing local search
 Solving bounding LP
 Starting multi-start local search
 Done with local search
===========================================================================
  Iteration    Open nodes         Time (s)    Lower bound      Upper bound
          1             1             0.16     0.293897E-01    0.100000E+52
*      2630            21            21.12     1.56408          5.63889    
       3781             0            27.58     5.63833          5.63889    

 Cleaning up

                         *** Normal completion ***            

 Wall clock time:                    28.20
 Total CPU time used:                27.58

 Total no. of BaR iterations:    3781
 Best solution found at node:    2630
 Max. no. of nodes in memory:      94
 
 All done
===========================================================================

Solution      = 5.6388940594416  found at node 2630
Best possible = 5.63833022642
Absolute gap  = 0.000563833021604232  optca = 0.0001
Relative gap  = 9.99900008158809E-5  optcr = 0.0001
  (Note that BARON uses a different formula to compute the relative gap as
   was used for the above reported value.)

--- Reading solution for model CAMD
***
*** Solver did not provide marginals for model CAMD
***
--- USETHIS.gms(276) 4 Mb
--- Generating MINLP model CAMD
--- USETHIS.gms(279) 6 Mb
--- Reset Solvelink = 2
--- LOOPS cc = 9
---   90 rows  158 columns  2,078 non-zeroes
---   597 nl-code  164 nl-non-zeroes
---   112 discrete-columns
--- USETHIS.gms(279) 4 Mb
--- Executing BARON (Solvelink=2): elapsed 0:03:54.912

GAMS/BARON       28.2.0 r750fa45 Released Aug 19, 2019 LEG x86 64bit/Linux    

===========================================================================
 BARON version 19.7.13. Built: LNX-64 Sat Jul 13 11:51:07 EDT 2019

 BARON is a product of The Optimization Firm.
 For information on BARON, see https://minlp.com/about-baron

 If you use this software, please cite publications from
 https://minlp.com/baron-publications, such as: 

 Kilinc, M. and N. V. Sahinidis, Exploiting integrality in the global
 optimization of mixed-integer nonlinear programming problems in BARON,
 Optimization Methods and Software, 33, 540-562, 2018.
===========================================================================
 This BARON run may utilize the following subsolver(s)
 For LP/MIP/QP: ILOG CPLEX                                      
 For NLP: MINOS, SNOPT, GAMS external NLP, IPOPT, FILTERSD, FILTERSQP
===========================================================================
 Doing local search
 Solving bounding LP
 Starting multi-start local search
 Done with local search
===========================================================================
  Iteration    Open nodes         Time (s)    Lower bound      Upper bound
          1             1             0.16     0.293897E-01    0.100000E+52
       1463            28            30.13     1.18008         0.100000E+52
*      1770            22            34.48     1.21192          5.66421    
       3349             0            43.04     5.66364          5.66421    

 Cleaning up

                         *** Normal completion ***            

 Wall clock time:                    43.12
 Total CPU time used:                43.05

 Total no. of BaR iterations:    3349
 Best solution found at node:    1770
 Max. no. of nodes in memory:      28
 
 All done
===========================================================================

Solution      = 5.66420827363639  found at node 1770
Best possible = 5.66364190945
Absolute gap  = 0.000566364186386892  optca = 0.0001
Relative gap  = 9.99900001952593E-5  optcr = 0.0001
  (Note that BARON uses a different formula to compute the relative gap as
   was used for the above reported value.)

--- Reading solution for model CAMD
--- USETHIS.gms(276) 4 Mb
--- Generating MINLP model CAMD
--- USETHIS.gms(279) 6 Mb
--- Reset Solvelink = 2
--- LOOPS cc = 10
---   91 rows  158 columns  2,190 non-zeroes
---   597 nl-code  164 nl-non-zeroes
---   112 discrete-columns
--- USETHIS.gms(279) 4 Mb
--- Executing BARON (Solvelink=2): elapsed 0:04:38.080

GAMS/BARON       28.2.0 r750fa45 Released Aug 19, 2019 LEG x86 64bit/Linux    

===========================================================================
 BARON version 19.7.13. Built: LNX-64 Sat Jul 13 11:51:07 EDT 2019

 BARON is a product of The Optimization Firm.
 For information on BARON, see https://minlp.com/about-baron

 If you use this software, please cite publications from
 https://minlp.com/baron-publications, such as: 

 Kilinc, M. and N. V. Sahinidis, Exploiting integrality in the global
 optimization of mixed-integer nonlinear programming problems in BARON,
 Optimization Methods and Software, 33, 540-562, 2018.
===========================================================================
 This BARON run may utilize the following subsolver(s)
 For LP/MIP/QP: ILOG CPLEX                                      
 For NLP: MINOS, SNOPT, GAMS external NLP, IPOPT, FILTERSD, FILTERSQP
===========================================================================
 Doing local search
 Solving bounding LP
 Starting multi-start local search
 Done with local search
===========================================================================
  Iteration    Open nodes         Time (s)    Lower bound      Upper bound
          1             1             0.16     0.293897E-01    0.100000E+52
*      2508            19            26.08     1.78435          5.86731    
       3727             0            32.75     5.86672          5.86731    

 Cleaning up

                         *** Normal completion ***            

 Wall clock time:                    33.38
 Total CPU time used:                32.75

 Total no. of BaR iterations:    3727
 Best solution found at node:    2508
 Max. no. of nodes in memory:      35
 
 All done
===========================================================================

Solution      = 5.8673115493378  found at node 2508
Best possible = 5.86672487685
Absolute gap  = 0.000586672487804307  optca = 0.0001
Relative gap  = 9.99900010202322E-5  optcr = 0.0001
  (Note that BARON uses a different formula to compute the relative gap as
   was used for the above reported value.)

--- Reading solution for model CAMD
***
*** Solver did not provide marginals for model CAMD
***
--- USETHIS.gms(276) 4 Mb--- USETHIS.gms(288) 4 Mb
*** Status: Normal completion
--- Job USETHIS.gms Stop 12/05/19 19:15:00 elapsed 0:05:11.519

Execution Time : psl204 : User 284.01  System 23.30  Elapsed 5:11.54

done
