--- Job script.gms Start 11/29/19 10:12:18 28.2.0 r750fa45 WEX-WEI x86 64bit/MS Windows
--- GAMS Parameters defined
    Input C:\Users\Tricia\OneDrive - Imperial College London\Attachments\Year 4\Advanced Process Optimisation\APO_Project\script.gms
    PageSize 0
    ScrDir C:\Users\Tricia\OneDrive - Imperial College London\Attachments\Year 4\Advanced Process Optimisation\APO_Project\225a\
    SysDir C:\GAMS\win64\28.2\
    LogOption 3
    ErrMsg 1
    ErrorLog 99
    IDE 1
    LstTitleLeftAligned 1
GAMS 28.2.0   Copyright (C) 1987-2019 GAMS Development. All rights reserved
Licensee: GAMS Development Corporation, USA              G871201/0000CA-ANY
          Free Demo, +1 202-342-0180, support@gams.com, www.gams.com DC0000
--- Starting compilation
--- script.gms(332) 3 Mb
--- Starting execution: elapsed 0:00:00.050
--- script.gms(314) 4 Mb
--- Generating MINLP model CAMD
--- script.gms(318) 6 Mb
---   92 rows  158 columns  1,603 non-zeroes
---   681 nl-code  194 nl-non-zeroes
---   139 discrete-columns
*** Status: Terminated due to a licensing error
***         Inspect listing file for more information
--- Job script.gms Stop 11/29/19 10:12:18 elapsed 0:00:00.084
